\BOOKMARK [1][-]{section.1}{Introduzione}{}% 1
\BOOKMARK [2][-]{subsection.1.1}{Scopo documento}{section.1}% 2
\BOOKMARK [2][-]{subsection.1.2}{Scopo del prodotto}{section.1}% 3
\BOOKMARK [2][-]{subsection.1.3}{Glossario}{section.1}% 4
\BOOKMARK [2][-]{subsection.1.4}{Prerequisiti}{section.1}% 5
\BOOKMARK [2][-]{subsection.1.5}{Come accedere al manuale}{section.1}% 6
\BOOKMARK [1][-]{section.2}{Accesso/uscita}{}% 7
\BOOKMARK [2][-]{subsection.2.1}{Registrazione}{section.2}% 8
\BOOKMARK [2][-]{subsection.2.2}{Autenticazione}{section.2}% 9
\BOOKMARK [2][-]{subsection.2.3}{Uscita}{section.2}% 10
\BOOKMARK [1][-]{section.3}{Dashboard}{}% 11
\BOOKMARK [2][-]{subsection.3.1}{Creazione nuovo progetto}{section.3}% 12
\BOOKMARK [2][-]{subsection.3.2}{Eliminazione di un progetto}{section.3}% 13
\BOOKMARK [2][-]{subsection.3.3}{Modificare un progetto}{section.3}% 14
\BOOKMARK [2][-]{subsection.3.4}{Avviare la presentazione di un progetto}{section.3}% 15
\BOOKMARK [1][-]{section.4}{Modifica di un progetto}{}% 16
\BOOKMARK [2][-]{subsection.4.1}{Modifica della mappa mentale}{section.4}% 17
\BOOKMARK [3][-]{subsubsection.4.1.1}{Spostamento dei nodi}{subsection.4.1}% 18
\BOOKMARK [3][-]{subsubsection.4.1.2}{Creazione nuovo nodo}{subsection.4.1}% 19
\BOOKMARK [3][-]{subsubsection.4.1.3}{Eliminazione di un nodo}{subsection.4.1}% 20
\BOOKMARK [3][-]{subsubsection.4.1.4}{Creazione di associazioni logiche}{subsection.4.1}% 21
\BOOKMARK [3][-]{subsubsection.4.1.5}{Eliminazione associazioni logiche}{subsection.4.1}% 22
\BOOKMARK [3][-]{subsubsection.4.1.6}{Inserimento contenuti}{subsection.4.1}% 23
\BOOKMARK [2][-]{subsection.4.2}{Modifica del contenuto di un nodo}{section.4}% 24
\BOOKMARK [3][-]{subsubsection.4.2.1}{Aggiungere del testo}{subsection.4.2}% 25
\BOOKMARK [3][-]{subsubsection.4.2.2}{Aggiungere un immagine}{subsection.4.2}% 26
\BOOKMARK [3][-]{subsubsection.4.2.3}{Posizionamento contenuti}{subsection.4.2}% 27
\BOOKMARK [3][-]{subsubsection.4.2.4}{Ridimensionamento contenuto}{subsection.4.2}% 28
\BOOKMARK [2][-]{subsection.4.3}{Modifica dei percorsi di presentazione}{section.4}% 29
\BOOKMARK [3][-]{subsubsection.4.3.1}{Creazione nuovo percorso}{subsection.4.3}% 30
\BOOKMARK [3][-]{subsubsection.4.3.2}{Modifica di un percorso}{subsection.4.3}% 31
\BOOKMARK [3][-]{subsubsection.4.3.3}{Eliminazione percorso}{subsection.4.3}% 32
\BOOKMARK [3][-]{subsubsection.4.3.4}{Aggiunta di un nodo ad un percorso di presentazione}{subsection.4.3}% 33
\BOOKMARK [2][-]{subsection.4.4}{Modifica delle impostazioni del progetto}{section.4}% 34
\BOOKMARK [1][-]{section.5}{Presentazione}{}% 35
\BOOKMARK [2][-]{subsection.5.1}{Pannello di navigazione}{section.5}% 36
\BOOKMARK [2][-]{subsection.5.2}{Menu laterali}{section.5}% 37
\BOOKMARK [3][-]{subsubsection.5.2.1}{Menu delle associazioni logiche}{subsection.5.2}% 38
\BOOKMARK [3][-]{subsubsection.5.2.2}{Menu delle relazioni gerarchiche}{subsection.5.2}% 39
\BOOKMARK [1][-]{section.6}{Stampa di un progetto}{}% 40
\BOOKMARK [2][-]{subsection.6.1}{Stampa mappa mentale}{section.6}% 41
\BOOKMARK [2][-]{subsection.6.2}{Stampa di una presentazione}{section.6}% 42
\BOOKMARK [1][-]{section.7}{Messaggi d'errore}{}% 43
\BOOKMARK [2][-]{subsection.7.1}{Lista degli errori}{section.7}% 44
\BOOKMARK [1][-]{section.8}{Segnalazione degli errori}{}% 45
\BOOKMARK [2][-]{subsection.8.1}{Come segnalare dei bug o richiedere nuove funzionalit\340}{section.8}% 46
