\BOOKMARK [1][-]{section.1}{Introduzione}{}% 1
\BOOKMARK [2][-]{subsection.1.1}{Scopo del documento}{section.1}% 2
\BOOKMARK [2][-]{subsection.1.2}{Scopo del prodotto}{section.1}% 3
\BOOKMARK [2][-]{subsection.1.3}{Glossario}{section.1}% 4
\BOOKMARK [2][-]{subsection.1.4}{Riferimenti}{section.1}% 5
\BOOKMARK [3][-]{subsubsection.1.4.1}{Normativi}{subsection.1.4}% 6
\BOOKMARK [3][-]{subsubsection.1.4.2}{Informativi}{subsection.1.4}% 7
\BOOKMARK [1][-]{section.2}{Vincoli}{}% 8
\BOOKMARK [2][-]{subsection.2.1}{Scadenze}{section.2}% 9
\BOOKMARK [1][-]{section.3}{Analisi dei rischi}{}% 10
\BOOKMARK [2][-]{subsection.3.1}{Rischi individuati}{section.3}% 11
\BOOKMARK [3][-]{subsubsection.3.1.1}{Livello tecnologico}{subsection.3.1}% 12
\BOOKMARK [4][-]{subsubsubsection.3.1.1.1}{Problemi legati alle tecnologie}{subsubsection.3.1.1}% 13
\BOOKMARK [4][-]{subsubsubsection.3.1.1.2}{Problemi legati al framework adottato}{subsubsection.3.1.1}% 14
\BOOKMARK [4][-]{subsubsubsection.3.1.1.3}{Problemi legati alle risorse hardware}{subsubsection.3.1.1}% 15
\BOOKMARK [4][-]{subsubsubsection.3.1.1.4}{Problemi legati alle applicazioni web}{subsubsection.3.1.1}% 16
\BOOKMARK [3][-]{subsubsection.3.1.2}{Livello personale}{subsection.3.1}% 17
\BOOKMARK [4][-]{subsubsubsection.3.1.2.1}{Problemi dei componenti del gruppo}{subsubsection.3.1.2}% 18
\BOOKMARK [4][-]{subsubsubsection.3.1.2.2}{Problemi tra componenti del gruppo}{subsubsection.3.1.2}% 19
\BOOKMARK [4][-]{subsubsubsection.3.1.2.3}{Problemi legati all'inesperienza del gruppo}{subsubsection.3.1.2}% 20
\BOOKMARK [3][-]{subsubsection.3.1.3}{Livello organizzativo}{subsection.3.1}% 21
\BOOKMARK [4][-]{subsubsubsection.3.1.3.1}{Problemi legati alla stima delle ore}{subsubsection.3.1.3}% 22
\BOOKMARK [4][-]{subsubsubsection.3.1.3.2}{Problemi legati alla ripianificazione del bilancio}{subsubsection.3.1.3}% 23
\BOOKMARK [3][-]{subsubsection.3.1.4}{Livello dei requisiti}{subsection.3.1}% 24
\BOOKMARK [4][-]{subsubsubsection.3.1.4.1}{Problemi legati all'identificazione dei requisiti}{subsubsection.3.1.4}% 25
\BOOKMARK [3][-]{subsubsection.3.1.5}{Riepilogo}{subsection.3.1}% 26
\BOOKMARK [2][-]{subsection.3.2}{Previsione rischi}{section.3}% 27
\BOOKMARK [3][-]{subsubsection.3.2.1}{Fase di Ammissione al progetto}{subsection.3.2}% 28
\BOOKMARK [4][-]{subsubsubsection.3.2.1.1}{Resoconto fase precedente}{subsubsection.3.2.1}% 29
\BOOKMARK [4][-]{subsubsubsection.3.2.1.2}{Nuovi rischi individuati}{subsubsection.3.2.1}% 30
\BOOKMARK [4][-]{subsubsubsection.3.2.1.3}{Previsioni incidenza}{subsubsection.3.2.1}% 31
\BOOKMARK [4][-]{subsubsubsection.3.2.1.4}{Mitigazione rischi}{subsubsection.3.2.1}% 32
\BOOKMARK [3][-]{subsubsection.3.2.2}{Fase di Consolidamento dei requisiti}{subsection.3.2}% 33
\BOOKMARK [4][-]{subsubsubsection.3.2.2.1}{Resoconto fase precedente}{subsubsection.3.2.2}% 34
\BOOKMARK [4][-]{subsubsubsection.3.2.2.2}{Nuovi rischi individuati}{subsubsection.3.2.2}% 35
\BOOKMARK [4][-]{subsubsubsection.3.2.2.3}{Previsioni incidenza}{subsubsection.3.2.2}% 36
\BOOKMARK [4][-]{subsubsubsection.3.2.2.4}{Mitigazione rischi}{subsubsection.3.2.2}% 37
\BOOKMARK [3][-]{subsubsection.3.2.3}{Fase di Progettazione dell'architettura}{subsection.3.2}% 38
\BOOKMARK [4][-]{subsubsubsection.3.2.3.1}{Resoconto fase precedente}{subsubsection.3.2.3}% 39
\BOOKMARK [4][-]{subsubsubsection.3.2.3.2}{Nuovi rischi individuati}{subsubsection.3.2.3}% 40
\BOOKMARK [4][-]{subsubsubsection.3.2.3.3}{Previsioni incidenza}{subsubsection.3.2.3}% 41
\BOOKMARK [4][-]{subsubsubsection.3.2.3.4}{Mitigazione rischi}{subsubsection.3.2.3}% 42
\BOOKMARK [3][-]{subsubsection.3.2.4}{Fase di Consolidamento dell'architettura}{subsection.3.2}% 43
\BOOKMARK [4][-]{subsubsubsection.3.2.4.1}{Resoconto fase precedente}{subsubsection.3.2.4}% 44
\BOOKMARK [4][-]{subsubsubsection.3.2.4.2}{Nuovi rischi individuati}{subsubsection.3.2.4}% 45
\BOOKMARK [4][-]{subsubsubsection.3.2.4.3}{Previsioni incidenza}{subsubsection.3.2.4}% 46
\BOOKMARK [4][-]{subsubsubsection.3.2.4.4}{Mitigazione rischi}{subsubsection.3.2.4}% 47
\BOOKMARK [3][-]{subsubsection.3.2.5}{Fase di Realizzazione del prodotto}{subsection.3.2}% 48
\BOOKMARK [4][-]{subsubsubsection.3.2.5.1}{Resoconto fase precedente}{subsubsection.3.2.5}% 49
\BOOKMARK [4][-]{subsubsubsection.3.2.5.2}{Nuovi rischi individuati}{subsubsection.3.2.5}% 50
\BOOKMARK [4][-]{subsubsubsection.3.2.5.3}{Previsioni incidenza}{subsubsection.3.2.5}% 51
\BOOKMARK [4][-]{subsubsubsection.3.2.5.4}{Mitigazione rischi}{subsubsection.3.2.5}% 52
\BOOKMARK [3][-]{subsubsection.3.2.6}{Fase di Collaudo finale}{subsection.3.2}% 53
\BOOKMARK [4][-]{subsubsubsection.3.2.6.1}{Resoconto fase precedente}{subsubsection.3.2.6}% 54
\BOOKMARK [4][-]{subsubsubsection.3.2.6.2}{Nuovi rischi individuati}{subsubsection.3.2.6}% 55
\BOOKMARK [4][-]{subsubsubsection.3.2.6.3}{Previsioni incidenza}{subsubsection.3.2.6}% 56
\BOOKMARK [4][-]{subsubsubsection.3.2.6.4}{Mitigazione rischi}{subsubsection.3.2.6}% 57
\BOOKMARK [1][-]{section.4}{Strategie}{}% 58
\BOOKMARK [2][-]{subsection.4.1}{Ciclo di vita}{section.4}% 59
\BOOKMARK [2][-]{subsection.4.2}{Fasi}{section.4}% 60
\BOOKMARK [2][-]{subsection.4.3}{Stati di progresso SEMAT}{section.4}% 61
\BOOKMARK [1][-]{section.5}{Pianificazione}{}% 62
\BOOKMARK [2][-]{subsection.5.1}{Ammissione al progetto}{section.5}% 63
\BOOKMARK [3][-]{subsubsection.5.1.1}{Diagramma di Gantt delle attivit\340}{subsection.5.1}% 64
\BOOKMARK [2][-]{subsection.5.2}{Consolidamento dei requisiti}{section.5}% 65
\BOOKMARK [3][-]{subsubsection.5.2.1}{Diagramma di Gantt delle attivit\340}{subsection.5.2}% 66
\BOOKMARK [2][-]{subsection.5.3}{Progettazione dell'architettura}{section.5}% 67
\BOOKMARK [3][-]{subsubsection.5.3.1}{Diagramma di Gantt delle attivit\340}{subsection.5.3}% 68
\BOOKMARK [2][-]{subsection.5.4}{Consolidamento dell'architettura}{section.5}% 69
\BOOKMARK [3][-]{subsubsection.5.4.1}{Diagramma di Gantt delle attivit\340}{subsection.5.4}% 70
\BOOKMARK [2][-]{subsection.5.5}{Realizzazione del prodotto}{section.5}% 71
\BOOKMARK [3][-]{subsubsection.5.5.1}{Diagramma di Gantt delle attivit\340}{subsection.5.5}% 72
\BOOKMARK [2][-]{subsection.5.6}{Collaudo finale}{section.5}% 73
\BOOKMARK [3][-]{subsubsection.5.6.1}{Diagramma di Gantt delle attivit\340}{subsection.5.6}% 74
\BOOKMARK [1][-]{section.6}{Preventivo}{}% 75
\BOOKMARK [2][-]{subsection.6.1}{Dettaglio fasi rendicontate}{section.6}% 76
\BOOKMARK [3][-]{subsubsection.6.1.1}{Fase di Progettazione dell'architettura}{subsection.6.1}% 77
\BOOKMARK [4][-]{subsubsubsection.6.1.1.1}{Suddivisione del lavoro}{subsubsection.6.1.1}% 78
\BOOKMARK [4][-]{subsubsubsection.6.1.1.2}{Prospetto economico}{subsubsection.6.1.1}% 79
\BOOKMARK [3][-]{subsubsection.6.1.2}{Fase di Consolidamento dell'architettura}{subsection.6.1}% 80
\BOOKMARK [4][-]{subsubsubsection.6.1.2.1}{Suddivisione del lavoro}{subsubsection.6.1.2}% 81
\BOOKMARK [4][-]{subsubsubsection.6.1.2.2}{Prospetto economico}{subsubsection.6.1.2}% 82
\BOOKMARK [3][-]{subsubsection.6.1.3}{Fase di Realizzazione del prodotto}{subsection.6.1}% 83
\BOOKMARK [4][-]{subsubsubsection.6.1.3.1}{Suddivisione del lavoro}{subsubsection.6.1.3}% 84
\BOOKMARK [4][-]{subsubsubsection.6.1.3.2}{Prospetto economico}{subsubsection.6.1.3}% 85
\BOOKMARK [3][-]{subsubsection.6.1.4}{Fase di Collaudo finale}{subsection.6.1}% 86
\BOOKMARK [4][-]{subsubsubsection.6.1.4.1}{Suddivisione del lavoro}{subsubsection.6.1.4}% 87
\BOOKMARK [4][-]{subsubsubsection.6.1.4.2}{Prospetto economico}{subsubsection.6.1.4}% 88
\BOOKMARK [2][-]{subsection.6.2}{Totali}{section.6}% 89
\BOOKMARK [3][-]{subsubsection.6.2.1}{Ore rendicontate}{subsection.6.2}% 90
\BOOKMARK [4][-]{subsubsubsection.6.2.1.1}{Suddivisione del lavoro}{subsubsection.6.2.1}% 91
\BOOKMARK [4][-]{subsubsubsection.6.2.1.2}{Prospetto economico}{subsubsection.6.2.1}% 92
\BOOKMARK [3][-]{subsubsection.6.2.2}{Conclusioni}{subsection.6.2}% 93
\BOOKMARK [1][-]{section.7}{Consuntivo}{}% 94
\BOOKMARK [2][-]{subsection.7.1}{Consuntivo di periodo -Progettazione dell'architettura}{section.7}% 95
\BOOKMARK [3][-]{subsubsection.7.1.1}{Conclusioni}{subsection.7.1}% 96
\BOOKMARK [2][-]{subsection.7.2}{Consuntivo di periodo - Consolidamento dell'architettura}{section.7}% 97
\BOOKMARK [3][-]{subsubsection.7.2.1}{Conclusioni}{subsection.7.2}% 98
\BOOKMARK [2][-]{subsection.7.3}{Consuntivo di periodo - Realizzazione del prodotto}{section.7}% 99
\BOOKMARK [3][-]{subsubsection.7.3.1}{Conclusioni}{subsection.7.3}% 100
\BOOKMARK [2][-]{subsection.7.4}{Consuntivo di periodo - Collaudo finale }{section.7}% 101
\BOOKMARK [3][-]{subsubsection.7.4.1}{Conclusioni}{subsection.7.4}% 102
\BOOKMARK [2][-]{subsection.7.5}{Consuntivo Finale}{section.7}% 103
\BOOKMARK [3][-]{subsubsection.7.5.1}{Conclusioni}{subsection.7.5}% 104
\BOOKMARK [1][-]{section.8}{Preventivo a finire}{}% 105
\BOOKMARK [2][-]{subsection.8.1}{Fase di Progettazione dell'architettura}{section.8}% 106
\BOOKMARK [2][-]{subsection.8.2}{Fase di Consolidamento dell'architettura}{section.8}% 107
\BOOKMARK [2][-]{subsection.8.3}{Fase di Realizzazione del prodotto}{section.8}% 108
\BOOKMARK [1][-]{Appendice.1.A}{Appendice Resoconto SEMAT}{}% 109
\BOOKMARK [2][-]{subsection.1.A.1}{Progettazione dell'architettura}{Appendice.1.A}% 110
\BOOKMARK [3][-]{subsubsection.1.A.1.1}{Obbiettivi preventivati}{subsection.1.A.1}% 111
\BOOKMARK [3][-]{subsubsection.1.A.1.2}{Obbiettivi raggiunti}{subsection.1.A.1}% 112
\BOOKMARK [2][-]{subsection.1.A.2}{Consolidamento dell'architettura}{Appendice.1.A}% 113
\BOOKMARK [3][-]{subsubsection.1.A.2.1}{Obbiettivi preventivati}{subsection.1.A.2}% 114
\BOOKMARK [3][-]{subsubsection.1.A.2.2}{Obbiettivi raggiunti}{subsection.1.A.2}% 115
\BOOKMARK [2][-]{subsection.1.A.3}{Realizzazione del prodotto}{Appendice.1.A}% 116
\BOOKMARK [3][-]{subsubsection.1.A.3.1}{Obbiettivi preventivati}{subsection.1.A.3}% 117
\BOOKMARK [3][-]{subsubsection.1.A.3.2}{Obbiettivi raggiunti}{subsection.1.A.3}% 118
\BOOKMARK [2][-]{subsection.1.A.4}{Collaudo finale}{Appendice.1.A}% 119
\BOOKMARK [3][-]{subsubsection.1.A.4.1}{Obbiettivi preventivati}{subsection.1.A.4}% 120
\BOOKMARK [3][-]{subsubsection.1.A.4.2}{Obbiettivi raggiunti}{subsection.1.A.4}% 121
\BOOKMARK [1][-]{Appendice.1.B}{Appendice Ore di investimento}{}% 122
\BOOKMARK [2][-]{subsection.1.B.1}{Dettaglio fasi non rendicontate}{Appendice.1.B}% 123
\BOOKMARK [3][-]{subsubsection.1.B.1.1}{Fase di Ammissione al progetto}{subsection.1.B.1}% 124
\BOOKMARK [4][-]{subsubsubsection.1.B.1.1.1}{Suddivisione del lavoro}{subsubsection.1.B.1.1}% 125
\BOOKMARK [4][-]{subsubsubsection.1.B.1.1.2}{Prospetto economico}{subsubsection.1.B.1.1}% 126
\BOOKMARK [3][-]{subsubsection.1.B.1.2}{Fase di Consolidamento dei requisiti}{subsection.1.B.1}% 127
\BOOKMARK [4][-]{subsubsubsection.1.B.1.2.1}{Suddivisione del lavoro}{subsubsection.1.B.1.2}% 128
\BOOKMARK [4][-]{subsubsubsection.1.B.1.2.2}{Prospetto economico}{subsubsection.1.B.1.2}% 129
\BOOKMARK [2][-]{subsection.1.B.2}{Totali considerando l'investimento}{Appendice.1.B}% 130
\BOOKMARK [3][-]{subsubsection.1.B.2.1}{Suddivisione del lavoro}{subsection.1.B.2}% 131
\BOOKMARK [3][-]{subsubsection.1.B.2.2}{Prospetto economico}{subsection.1.B.2}% 132
\BOOKMARK [1][-]{Appendice.1.C}{Appendice Organigramma}{}% 133
\BOOKMARK [2][-]{subsection.1.C.1}{Redazione}{Appendice.1.C}% 134
\BOOKMARK [2][-]{subsection.1.C.2}{Approvazione}{Appendice.1.C}% 135
\BOOKMARK [2][-]{subsection.1.C.3}{Accettazione dei componenti}{Appendice.1.C}% 136
\BOOKMARK [2][-]{subsection.1.C.4}{Componenti}{Appendice.1.C}% 137
\BOOKMARK [2][-]{subsection.1.C.5}{Ruoli}{Appendice.1.C}% 138
