\BOOKMARK [1][-]{section.1}{Informazioni generali}{}% 1
\BOOKMARK [1][-]{section.2}{Problemi e decisioni}{}% 2
\BOOKMARK [2][-]{subsection.2.1}{Modellazione pagine HTML}{section.2}% 3
\BOOKMARK [3][-]{paragraph*.1}{Problema}{subsection.2.1}% 4
\BOOKMARK [4][-]{paragraph*.2}{Decisione}{paragraph*.1}% 5
\BOOKMARK [2][-]{subsection.2.2}{Descrizione framework}{section.2}% 6
\BOOKMARK [3][-]{paragraph*.3}{Problema}{subsection.2.2}% 7
\BOOKMARK [4][-]{paragraph*.4}{Decisione}{paragraph*.3}% 8
\BOOKMARK [2][-]{subsection.2.3}{Package}{section.2}% 9
\BOOKMARK [3][-]{paragraph*.5}{Problema}{subsection.2.3}% 10
\BOOKMARK [4][-]{paragraph*.6}{Decisione}{paragraph*.5}% 11
\BOOKMARK [2][-]{subsection.2.4}{Linguaggio Javascript}{section.2}% 12
\BOOKMARK [3][-]{paragraph*.7}{Problema}{subsection.2.4}% 13
\BOOKMARK [4][-]{paragraph*.8}{Decisione}{paragraph*.7}% 14
\BOOKMARK [2][-]{subsection.2.5}{Uso dei Design Pattern}{section.2}% 15
\BOOKMARK [3][-]{paragraph*.9}{Problema}{subsection.2.5}% 16
\BOOKMARK [4][-]{paragraph*.10}{Decisione}{paragraph*.9}% 17
\BOOKMARK [2][-]{subsection.2.6}{Utilizzo di Facade}{section.2}% 18
\BOOKMARK [3][-]{paragraph*.11}{Problema}{subsection.2.6}% 19
\BOOKMARK [4][-]{paragraph*.12}{Decisione}{paragraph*.11}% 20
\BOOKMARK [2][-]{subsection.2.7}{Inserire i pattern nella Specifica Tecnica}{section.2}% 21
\BOOKMARK [3][-]{paragraph*.13}{Problema}{subsection.2.7}% 22
\BOOKMARK [4][-]{paragraph*.14}{Decisione}{paragraph*.13}% 23
\BOOKMARK [2][-]{subsection.2.8}{Contenuto Definizione di Prodotto}{section.2}% 24
\BOOKMARK [3][-]{paragraph*.15}{Problema}{subsection.2.8}% 25
\BOOKMARK [4][-]{paragraph*.16}{Decisione}{paragraph*.15}% 26
